Building DAG of jobs...
MissingInputException in line 24 of /home/ualtintas/genopipes/atacseq/Snakefile:
Missing input files for rule all:
results_hg19/bw/MSK-PCa9_rep1.callsummit.bw
results_hg19/bw/PDX16b_rep1.callsummit.bw
results_hg19/bw/MSK-PCa15_rep2.callsummit.bw
results_hg19/bw/PDX16b_rep3.callsummit.bw
results_hg19/bw/H660_rep2.callsummit.bw
results_hg19/bw/PDX01a_rep3.callsummit.bw
results_hg19/bw/WCM1078_rep2.callsummit.bw
results_hg19/bw/MSK-PCa22_rep3.callsummit.bw
results_hg19/bw/MSK-PCa2_rep2.callsummit.bw
results_hg19/bw/PDX34a_rep3.callsummit.bw
results_hg19/bw/WCM1262_rep2.callsummit.bw
results_hg19/bw/MSK-PCa1_rep1.callsummit.bw
results_hg19/bw/MSK-PCa13_rep2.callsummit.bw
results_hg19/bw/MSK-PCa18_rep1.callsummit.bw
results_hg19/bw/VCaP_rep1.callsummit.bw
results_hg19/bw/MSK-PCa22_rep2.callsummit.bw
results_hg19/bw/WCM155_rep1.callsummit.bw
results_hg19/bw/MSK-PCa10_rep1.callsummit.bw
results_hg19/bw/PDX09a_rep2.callsummit.bw
results_hg19/bw/C4-2_rep1.callsummit.bw
results_hg19/bw/MSK-PCa3_rep2.callsummit.bw
results_hg19/bw/MSK-PCa11_rep2.callsummit.bw
results_hg19/bw/MSK-PCa8_rep2.callsummit.bw
results_hg19/bw/MSK-PCa19_rep2.callsummit.bw
results_hg19/bw/MSK-PCa11_rep1.callsummit.bw
results_hg19/bw/MSK-PCa14_rep1.callsummit.bw
results_hg19/bw/PDX16b_rep2.callsummit.bw
results_hg19/bw/MSK-PCa16_rep1.callsummit.bw
results_hg19/bw/PDX09a_rep1.callsummit.bw
results_hg19/bw/PDX34a_rep2.callsummit.bw
results_hg19/bw/MSK-PCa12_rep2.callsummit.bw
results_hg19/bw/PDX10a_rep3.callsummit.bw
results_hg19/bw/MSK-PCa22_rep4.callsummit.bw
results_hg19/bw/DU145_rep1.callsummit.bw
results_hg19/bw/MSK-PCa17_rep1.callsummit.bw
results_hg19/bw/MSK-PCa18_rep2.callsummit.bw
results_hg19/bw/WCM1078_rep1.callsummit.bw
results_hg19/bw/PDX10a_rep2.callsummit.bw
results_hg19/bw/MSK-PCa19_rep1.callsummit.bw
results_hg19/bw/LNCaP_rep2.callsummit.bw
results_hg19/bw/PDX34a_rep4.callsummit.bw
results_hg19/bw/MSK-PCa24_rep4.callsummit.bw
results_hg19/bw/MSK-PCa1_rep2.callsummit.bw
results_hg19/bw/MSK-PCa13_rep1.callsummit.bw
results_hg19/bw/22Rv1_rep1.callsummit.bw
results_hg19/bw/MSK-PCa20_rep1.callsummit.bw
results_hg19/bw/MSK-PCa2_rep1.callsummit.bw
results_hg19/bw/DU145_rep2.callsummit.bw
results_hg19/bw/PDX16a_rep3.callsummit.bw
results_hg19/bw/WCM155_rep2.callsummit.bw
results_hg19/bw/PDX16b_rep4.callsummit.bw
results_hg19/bw/PDX16a_rep4.callsummit.bw
results_hg19/bw/PDX09a_rep3.callsummit.bw
results_hg19/bw/MSK-PCa10_rep2.callsummit.bw
results_hg19/bw/MSK-PCa16_rep2.callsummit.bw
results_hg19/bw/MSK-PCa15_rep1.callsummit.bw
results_hg19/bw/MSK-PCa17_rep2.callsummit.bw
results_hg19/bw/MSK-PCa22_rep1.callsummit.bw
results_hg19/bw/C4-2_rep2.callsummit.bw
results_hg19/bw/WCM1262_rep1.callsummit.bw
results_hg19/bw/PC3_rep2.callsummit.bw
results_hg19/bw/PC3_rep1.callsummit.bw
results_hg19/bw/22Rv1_rep2.callsummit.bw
results_hg19/bw/PDX34a_rep1.callsummit.bw
results_hg19/bw/WCM154_rep2.callsummit.bw
results_hg19/bw/LNCaP_rep1.callsummit.bw
results_hg19/bw/PDX09a_rep4.callsummit.bw
results_hg19/bw/MSK-PCa20_rep2.callsummit.bw
results_hg19/bw/H660_rep1.callsummit.bw
results_hg19/bw/MSK-PCa24_rep2.callsummit.bw
results_hg19/bw/MSK-PCa24_rep3.callsummit.bw
results_hg19/bw/PDX01a_rep4.callsummit.bw
results_hg19/bw/VCaP_rep2.callsummit.bw
results_hg19/bw/WCM154_rep1.callsummit.bw
results_hg19/bw/MSK-PCa12_rep1.callsummit.bw
results_hg19/bw/MSK-PCa8_rep1.callsummit.bw
results_hg19/bw/MSK-PCa3_rep1.callsummit.bw
results_hg19/bw/PDX01a_rep1.callsummit.bw
results_hg19/bw/PDX01a_rep2.callsummit.bw
results_hg19/bw/PDX16a_rep2.callsummit.bw
results_hg19/bw/PDX10a_rep1.callsummit.bw
results_hg19/bw/MSK-PCa9_rep2.callsummit.bw
results_hg19/bw/MSK-PCa14_rep2.callsummit.bw
results_hg19/bw/PDX16a_rep1.callsummit.bw
results_hg19/bw/PDX10a_rep4.callsummit.bw
results_hg19/bw/MSK-PCa24_rep1.callsummit.bw
