Building DAG of jobs...
MissingInputException in line 24 of /home/ualtintas/genopipes/atacseq/Snakefile:
Missing input files for rule all:
results_hg19/bw/MSK-PCa2.rep1.callsummit.bw
results_hg19/bw/PC3.rep1.callsummit.bw
results_hg19/bw/PDX01a.rep1.callsummit.bw
results_hg19/bw/MSK-PCa11.rep1.callsummit.bw
results_hg19/bw/C4-2.rep1.callsummit.bw
results_hg19/bw/LNCaP.rep2.callsummit.bw
results_hg19/bw/MSK-PCa22.rep1.callsummit.bw
results_hg19/bw/PDX16b.rep3.callsummit.bw
results_hg19/bw/PDX01a.rep3.callsummit.bw
results_hg19/bw/DU145.rep2.callsummit.bw
results_hg19/bw/PDX01a.rep2.callsummit.bw
results_hg19/bw/WCM1078.rep1.callsummit.bw
results_hg19/bw/DU145.rep1.callsummit.bw
results_hg19/bw/MSK-PCa22.rep2.callsummit.bw
results_hg19/bw/MSK-PCa11.rep2.callsummit.bw
results_hg19/bw/WCM154.rep2.callsummit.bw
results_hg19/bw/MSK-PCa12.rep2.callsummit.bw
results_hg19/bw/22Rv1.rep2.callsummit.bw
results_hg19/bw/LNCaP.rep1.callsummit.bw
results_hg19/bw/22Rv1.rep1.callsummit.bw
results_hg19/bw/PDX16a.rep4.callsummit.bw
results_hg19/bw/PDX10a.rep1.callsummit.bw
results_hg19/bw/MSK-PCa1.rep2.callsummit.bw
results_hg19/bw/PDX16b.rep1.callsummit.bw
results_hg19/bw/MSK-PCa14.rep1.callsummit.bw
results_hg19/bw/MSK-PCa13.rep2.callsummit.bw
results_hg19/bw/PC3.rep2.callsummit.bw
results_hg19/bw/MSK-PCa15.rep2.callsummit.bw
results_hg19/bw/MSK-PCa3.rep2.callsummit.bw
results_hg19/bw/MSK-PCa10.rep2.callsummit.bw
results_hg19/bw/MSK-PCa12.rep1.callsummit.bw
results_hg19/bw/MSK-PCa19.rep2.callsummit.bw
results_hg19/bw/PDX34a.rep4.callsummit.bw
results_hg19/bw/MSK-PCa22.rep3.callsummit.bw
results_hg19/bw/VCaP.rep2.callsummit.bw
results_hg19/bw/MSK-PCa24.rep2.callsummit.bw
results_hg19/bw/PDX09a.rep4.callsummit.bw
results_hg19/bw/MSK-PCa20.rep1.callsummit.bw
results_hg19/bw/MSK-PCa18.rep1.callsummit.bw
results_hg19/bw/MSK-PCa18.rep2.callsummit.bw
results_hg19/bw/MSK-PCa19.rep1.callsummit.bw
results_hg19/bw/PDX16a.rep1.callsummit.bw
results_hg19/bw/PDX09a.rep3.callsummit.bw
results_hg19/bw/MSK-PCa17.rep2.callsummit.bw
results_hg19/bw/MSK-PCa2.rep2.callsummit.bw
results_hg19/bw/WCM1262.rep1.callsummit.bw
results_hg19/bw/WCM154.rep1.callsummit.bw
results_hg19/bw/WCM155.rep2.callsummit.bw
results_hg19/bw/MSK-PCa9.rep2.callsummit.bw
results_hg19/bw/PDX16b.rep4.callsummit.bw
results_hg19/bw/MSK-PCa14.rep2.callsummit.bw
results_hg19/bw/MSK-PCa24.rep4.callsummit.bw
results_hg19/bw/MSK-PCa24.rep1.callsummit.bw
results_hg19/bw/PDX01a.rep4.callsummit.bw
results_hg19/bw/PDX10a.rep4.callsummit.bw
results_hg19/bw/MSK-PCa16.rep1.callsummit.bw
results_hg19/bw/VCaP.rep1.callsummit.bw
results_hg19/bw/MSK-PCa8.rep1.callsummit.bw
results_hg19/bw/MSK-PCa1.rep1.callsummit.bw
results_hg19/bw/PDX34a.rep1.callsummit.bw
results_hg19/bw/MSK-PCa16.rep2.callsummit.bw
results_hg19/bw/MSK-PCa15.rep1.callsummit.bw
results_hg19/bw/MSK-PCa3.rep1.callsummit.bw
results_hg19/bw/PDX10a.rep3.callsummit.bw
results_hg19/bw/MSK-PCa22.rep4.callsummit.bw
results_hg19/bw/WCM1262.rep2.callsummit.bw
results_hg19/bw/MSK-PCa8.rep2.callsummit.bw
results_hg19/bw/MSK-PCa13.rep1.callsummit.bw
results_hg19/bw/C4-2.rep2.callsummit.bw
results_hg19/bw/H660.rep1.callsummit.bw
results_hg19/bw/PDX16a.rep2.callsummit.bw
results_hg19/bw/MSK-PCa10.rep1.callsummit.bw
results_hg19/bw/PDX34a.rep3.callsummit.bw
results_hg19/bw/H660.rep2.callsummit.bw
results_hg19/bw/PDX09a.rep1.callsummit.bw
results_hg19/bw/MSK-PCa20.rep2.callsummit.bw
results_hg19/bw/PDX09a.rep2.callsummit.bw
results_hg19/bw/MSK-PCa24.rep3.callsummit.bw
results_hg19/bw/PDX16b.rep2.callsummit.bw
results_hg19/bw/MSK-PCa17.rep1.callsummit.bw
results_hg19/bw/PDX10a.rep2.callsummit.bw
results_hg19/bw/WCM155.rep1.callsummit.bw
results_hg19/bw/WCM1078.rep2.callsummit.bw
results_hg19/bw/PDX16a.rep3.callsummit.bw
results_hg19/bw/PDX34a.rep2.callsummit.bw
results_hg19/bw/MSK-PCa9.rep1.callsummit.bw
